#
# A fatal error has been detected by the Java Runtime Environment:
#
#  SIGSEGV (0xb) at pc=0x00000001059d9c04, pid=2006, tid=0x0000000000005103
#
# JRE version: OpenJDK Runtime Environment (Zulu 8.62.0.19-CA-macosx) (8.0_332-b09) (build 1.8.0_332-b09)
# Java VM: OpenJDK 64-Bit Server VM (25.332-b09 mixed mode bsd-amd64 compressed oops)
# Problematic frame:
# V  [libjvm.dylib+0x1d0c04]
#
# Failed to write core dump. Core dumps have been disabled. To enable core dumping, try "ulimit -c unlimited" before starting Java again
#
# If you would like to submit a bug report, please visit:
#   http://www.azul.com/support/
#

---------------  T H R E A D  ---------------

Current thread (0x00007fac7a82f000):  VMThread [stack: 0x0000700001d8a000,0x0000700001e8a000] [id=20739]

siginfo: si_signo: 11 (SIGSEGV), si_code: 1 (SEGV_MAPERR), si_addr: 0x000000010d6c1000

Registers:
RAX=0x000000010d52c690, RBX=0x000000010d5291e0, RCX=0x0000000000194960, RDX=0x0000000000000000
RSP=0x0000700001e890e0, RBP=0x0000700001e890e0, RSI=0x000000000000ca4b, RDI=0x000000010d5291e0
R8 =0x0000000000000230, R9 =0x00000000ffffffff, R10=0x0000000047000000, R11=0xfffffffffffff2c8
R12=0x0000000000000234, R13=0x0000700001e89798, R14=0x0000000000000000, R15=0x0000000000000230
RIP=0x00000001059d9c04, EFLAGS=0x0000000000010206, ERR=0x0000000000000004
  TRAPNO=0x000000000000000e

Top of Stack: (sp=0x0000700001e890e0)
0x0000700001e890e0:   0000700001e89100 00000001059d9c2e
0x0000700001e890f0:   000000010d52bf20 0000700001e895b8
0x0000700001e89100:   0000700001e89590 0000000105a7a660
0x0000700001e89110:   0000000105efab18 00007fac7a136680
0x0000700001e89120:   0000000000000014 000000010000000e
0x0000700001e89130:   0000700001e89140 0000000000000002
0x0000700001e89140:   4fffffff4fffffff 4fffffff4fffffff
0x0000700001e89150:   0000000105efab18 00007fac7a136680
0x0000700001e89160:   0000000000000014 000000010000000e
0x0000700001e89170:   0000700001e89180 0000000000000002
0x0000700001e89180:   4fffffff4fffffff 000000014fffffff
0x0000700001e89190:   000000000000069e 000000000000069f
0x0000700001e891a0:   0000700001e891c0 0000000105d23aff
0x0000700001e891b0:   0000700001e891d0 879913f1adf900be
0x0000700001e891c0:   0000700001e89200 0000700001e89200
0x0000700001e891d0:   0000700001e891f0 0000000105d23d28
0x0000700001e891e0:   0000000000000000 000000004fffffff
0x0000700001e891f0:   0000700001e89680 0000000105a7a77d
0x0000700001e89200:   0000000105efab18 00007fac7a136680
0x0000700001e89210:   0000000000000014 000000010000000e
0x0000700001e89220:   0000700001e89230 00007ff800000002
0x0000700001e89230:   4fffffff4fffffff f69540084fffffff
0x0000700001e89240:   00000001049effff 0000700001e89280
0x0000700001e89250:   0000700000000022 0000000000001400
0x0000700001e89260:   00000001049efa00 00000001049ed080
0x0000700001e89270:   0000000200000022 0000000000000000
0x0000700001e89280:   0000000000000218 00000001049ed080
0x0000700001e89290:   00000000049e9000 0000000105f1e674
0x0000700001e892a0:   0000000000000218 0000000000000200
0x0000700001e892b0:   00000001049e9000 0000000000000000
0x0000700001e892c0:   0000700001e892f0 00007ff8036737d2
0x0000700001e892d0:   0000000105f1e674 0000000000000218 

Instructions: (pc=0x00000001059d9c04)
0x00000001059d9be4:   5d c3 55 48 89 e5 85 d2 75 20 48 8b 47 10 48 85
0x00000001059d9bf4:   c0 74 17 85 f6 79 02 f7 d6 48 63 ce 48 c1 e1 05
0x00000001059d9c04:   48 8b 44 08 10 0f b7 c0 eb 0b 48 8b 4f 08 48 63
0x00000001059d9c14:   c6 8a 4c 01 04 0f b7 44 c7 52 5d c3 55 48 89 e5 

Register to memory mapping:

RAX=0x000000010d52c690 is pointing into metadata
RBX=0x000000010d5291e0 is pointing into metadata
RCX=0x0000000000194960 is an unknown value
RDX=0x0000000000000000 is an unknown value
RSP=0x0000700001e890e0 is an unknown value
RBP=0x0000700001e890e0 is an unknown value
RSI=0x000000000000ca4b is an unknown value
RDI=0x000000010d5291e0 is pointing into metadata
R8 =0x0000000000000230 is an unknown value
R9 =0x00000000ffffffff is an unknown value
R10=0x0000000047000000 is an unknown value
R11=0xfffffffffffff2c8 is an unknown value
R12=0x0000000000000234 is an unknown value
R13=0x0000700001e89798 is an unknown value
R14=0x0000000000000000 is an unknown value
R15=0x0000000000000230 is an unknown value


Stack: [0x0000700001d8a000,0x0000700001e8a000],  sp=0x0000700001e890e0,  free space=1020k
Native frames: (J=compiled Java code, j=interpreted, Vv=VM code, C=native code)
V  [libjvm.dylib+0x1d0c04]
V  [libjvm.dylib+0x1d0c2e]
V  [libjvm.dylib+0x271660]
V  [libjvm.dylib+0x26fd30]
V  [libjvm.dylib+0x26f93c]
V  [libjvm.dylib+0x26f4f7]
V  [libjvm.dylib+0x271fd5]
V  [libjvm.dylib+0x49ba27]
V  [libjvm.dylib+0x49c31d]
V  [libjvm.dylib+0x49cf0e]
V  [libjvm.dylib+0x49cc11]
V  [libjvm.dylib+0x2a197e]
V  [libjvm.dylib+0x462580]
V  [libjvm.dylib+0x3aee2f]
V  [libjvm.dylib+0x5c6b0f]
V  [libjvm.dylib+0x5c6223]
V  [libjvm.dylib+0x5c5c70]
V  [libjvm.dylib+0x5c5aa5]
V  [libjvm.dylib+0x4a189f]
C  [libsystem_pthread.dylib+0x64e1]  _pthread_start+0x7d
C  [libsystem_pthread.dylib+0x1f6b]  thread_start+0xf

VM_Operation (0x000070000239ba98): GetOrSetLocal, mode: safepoint, requested by thread 0x00007fac7b02a800


---------------  P R O C E S S  ---------------

Java Threads: ( => current thread )
  0x00007fac7ba12800 JavaThread "ScalaTest-dispatcher" [_thread_blocked, id=14595, stack(0x0000700002ab4000,0x0000700002bb4000)]
  0x00007fac79859000 JavaThread "Service Thread" daemon [_thread_blocked, id=16131, stack(0x00007000028ae000,0x00007000029ae000)]
  0x00007fac7b813000 JavaThread "C1 CompilerThread2" daemon [_thread_blocked, id=14339, stack(0x00007000027ab000,0x00007000028ab000)]
  0x00007fac79858000 JavaThread "C2 CompilerThread1" daemon [_thread_blocked, id=13827, stack(0x00007000026a8000,0x00007000027a8000)]
  0x00007fac7a839000 JavaThread "C2 CompilerThread0" daemon [_thread_blocked, id=16899, stack(0x00007000025a5000,0x00007000026a5000)]
  0x00007fac7b812000 JavaThread "JDWP Command Reader" daemon [_thread_in_native, id=17411, stack(0x00007000024a2000,0x00007000025a2000)]
  0x00007fac7b811000 JavaThread "JDWP Event Helper Thread" daemon [_thread_blocked, id=17667, stack(0x000070000239f000,0x000070000249f000)]
  0x00007fac7b02a800 JavaThread "JDWP Transport Listener: dt_socket" daemon [_thread_blocked, id=13063, stack(0x000070000229c000,0x000070000239c000)]
  0x00007fac7b80f000 JavaThread "Signal Dispatcher" daemon [_thread_blocked, id=12803, stack(0x0000700002199000,0x0000700002299000)]
  0x00007fac7a832000 JavaThread "Finalizer" daemon [_thread_blocked, id=12035, stack(0x0000700001f90000,0x0000700002090000)]
  0x00007fac7b80c800 JavaThread "Reference Handler" daemon [_thread_blocked, id=11523, stack(0x0000700001e8d000,0x0000700001f8d000)]
  0x00007fac7980e000 JavaThread "ScalaTest-run-running-TestTreeNode" [_thread_blocked, id=5891, stack(0x000070000187b000,0x000070000197b000)]

Other Threads:
=>0x00007fac7a82f000 VMThread [stack: 0x0000700001d8a000,0x0000700001e8a000] [id=20739]
  0x00007fac7b82b800 WatcherThread [stack: 0x00007000029b1000,0x0000700002ab1000] [id=15619]

VM state:at safepoint (normal execution)

VM Mutex/Monitor currently owned by a thread:  ([mutex/lock_event])
[0x0000600003b59280] Threads_lock - owner thread: 0x00007fac7a82f000

heap address: 0x0000000740000000, size: 2048 MB, Compressed Oops mode: Zero based, Oop shift amount: 3
Narrow klass base: 0x0000000000000000, Narrow klass shift: 3
Compressed class space size: 1073741824 Address: 0x00000007c0000000

Heap:
 PSYoungGen      total 38400K, used 28650K [0x0000000795580000, 0x0000000798000000, 0x00000007c0000000)
  eden space 33280K, 70% used [0x0000000795580000,0x0000000796c80960,0x0000000797600000)
  from space 5120K, 99% used [0x0000000797600000,0x0000000797afa038,0x0000000797b00000)
  to   space 5120K, 0% used [0x0000000797b00000,0x0000000797b00000,0x0000000798000000)
 ParOldGen       total 87552K, used 274K [0x0000000740000000, 0x0000000745580000, 0x0000000795580000)
  object space 87552K, 0% used [0x0000000740000000,0x0000000740044a08,0x0000000745580000)
 Metaspace       used 14363K, capacity 15056K, committed 15232K, reserved 1062912K
  class space    used 1720K, capacity 1853K, committed 1920K, reserved 1048576K

Card table byte_map: [0x0000000104f3e000,0x000000010533f000] byte_map_base: 0x000000010153e000

Marking Bits: (ParMarkBitMap*) 0x0000000105f38948
 Begin Bits: [0x0000000106649000, 0x0000000108649000)
 End Bits:   [0x0000000108649000, 0x000000010a649000)

Polling page: 0x0000000104a03000

CodeCache: size=245760Kb used=3734Kb max_used=3734Kb free=242025Kb
 bounds [0x000000010e1be000, 0x000000010e56e000, 0x000000011d1be000]
 total_blobs=1326 nmethods=936 adapters=311
 compilation: enabled

Compilation events (10 events):
Event: 1.327 Thread 0x00007fac7b813000  933       3       java.util.concurrent.ConcurrentHashMap::put (8 bytes)
Event: 1.327 Thread 0x00007fac7b813000 nmethod 933 0x000000010e55ae90 code [0x000000010e55b000, 0x000000010e55b228]
Event: 1.327 Thread 0x00007fac7b813000  934       3       jdk.internal.org.objectweb.asm.ClassWriter::<init> (122 bytes)
Event: 1.327 Thread 0x00007fac7b813000 nmethod 934 0x000000010e55b2d0 code [0x000000010e55b4e0, 0x000000010e55bf28]
Event: 1.327 Thread 0x00007fac7b813000  936       3       jdk.internal.org.objectweb.asm.ClassWriter::toByteArray (1289 bytes)
Event: 1.331 Thread 0x00007fac7b813000 nmethod 936 0x000000010e55c350 code [0x000000010e55cb80, 0x000000010e5609b8]
Event: 1.331 Thread 0x00007fac7b813000  937       3       sun.invoke.util.VerifyAccess::isClassAccessible (66 bytes)
Event: 1.331 Thread 0x00007fac7b813000 nmethod 937 0x000000010e563390 code [0x000000010e563560, 0x000000010e563be8]
Event: 1.331 Thread 0x00007fac7b813000  935       3       jdk.internal.org.objectweb.asm.ClassVisitor::<init> (7 bytes)
Event: 1.331 Thread 0x00007fac7b813000 nmethod 935 0x000000010e563dd0 code [0x000000010e563f60, 0x000000010e5642c8]

GC Heap History (2 events):
Event: 0.963 GC heap before
{Heap before GC invocations=1 (full 0):
 PSYoungGen      total 38400K, used 33280K [0x0000000795580000, 0x0000000798000000, 0x00000007c0000000)
  eden space 33280K, 100% used [0x0000000795580000,0x0000000797600000,0x0000000797600000)
  from space 5120K, 0% used [0x0000000797b00000,0x0000000797b00000,0x0000000798000000)
  to   space 5120K, 0% used [0x0000000797600000,0x0000000797600000,0x0000000797b00000)
 ParOldGen       total 87552K, used 0K [0x0000000740000000, 0x0000000745580000, 0x0000000795580000)
  object space 87552K, 0% used [0x0000000740000000,0x0000000740000000,0x0000000745580000)
 Metaspace       used 9965K, capacity 10218K, committed 10496K, reserved 1058816K
  class space    used 1200K, capacity 1274K, committed 1280K, reserved 1048576K
Event: 0.969 GC heap after
Heap after GC invocations=1 (full 0):
 PSYoungGen      total 38400K, used 5096K [0x0000000795580000, 0x0000000798000000, 0x00000007c0000000)
  eden space 33280K, 0% used [0x0000000795580000,0x0000000795580000,0x0000000797600000)
  from space 5120K, 99% used [0x0000000797600000,0x0000000797afa038,0x0000000797b00000)
  to   space 5120K, 0% used [0x0000000797b00000,0x0000000797b00000,0x0000000798000000)
 ParOldGen       total 87552K, used 274K [0x0000000740000000, 0x0000000745580000, 0x0000000795580000)
  object space 87552K, 0% used [0x0000000740000000,0x0000000740044a08,0x0000000745580000)
 Metaspace       used 9965K, capacity 10218K, committed 10496K, reserved 1058816K
  class space    used 1200K, capacity 1274K, committed 1280K, reserved 1048576K
}

Deoptimization events (6 events):
Event: 0.894 Thread 0x00007fac7980e000 Uncommon trap: reason=unstable_if action=reinterpret pc=0x000000010e3e0018 method=sun.misc.URLClassPath.getLoader(I)Lsun/misc/URLClassPath$Loader; @ 36
Event: 1.112 Thread 0x00007fac7980e000 Uncommon trap: reason=unstable_if action=reinterpret pc=0x000000010e40003c method=java.util.HashMap.getNode(ILjava/lang/Object;)Ljava/util/HashMap$Node; @ 62
Event: 1.157 Thread 0x00007fac7980e000 Uncommon trap: reason=unstable_if action=reinterpret pc=0x000000010e4b779c method=sun.misc.MetaIndex.mayContain(Ljava/lang/String;)Z @ 13
Event: 1.158 Thread 0x00007fac7980e000 Uncommon trap: reason=unstable_if action=reinterpret pc=0x000000010e393610 method=java.lang.String.indexOf([CII[CIII)I @ 134
Event: 1.165 Thread 0x00007fac7980e000 Uncommon trap: reason=unstable_if action=reinterpret pc=0x000000010e404294 method=sun.net.www.ParseUtil.encodePath(Ljava/lang/String;Z)Ljava/lang/String; @ 109
Event: 1.298 Thread 0x00007fac7980e000 Uncommon trap: reason=unstable_if action=reinterpret pc=0x000000010e50f5c8 method=jdk.internal.org.objectweb.asm.Item.isEqualTo(Ljdk/internal/org/objectweb/asm/Item;)Z @ 331

Classes redefined (3 events):
Event: 253.768 Thread 0x00007fac7a82f000 redefined class name=org.calculator.TreeNode, count=1
Event: 290.812 Thread 0x00007fac7a82f000 redefined class name=org.calculator.TreeNode, count=2
Event: 422.709 Thread 0x00007fac7a82f000 redefined class name=org.calculator.TreeNode, count=3

Internal exceptions (10 events):
Event: 0.308 Thread 0x00007fac7980e000 Exception <a 'java/security/PrivilegedActionException'> (0x0000000795a4fc48) thrown at [/Users/tester/jenkins/workspace/zulu8-build-macosx/zulu-src.git/hotspot/src/share/vm/prims/jvm.cpp, line 1530]
Event: 0.466 Thread 0x00007fac7980e000 Exception <a 'java/lang/NoSuchFieldError': method resolution failed> (0x0000000795cd9a40) thrown at [/Users/tester/jenkins/workspace/zulu8-build-macosx/zulu-src.git/hotspot/src/share/vm/prims/methodHandles.cpp, line 1176]
Event: 0.469 Thread 0x00007fac7980e000 Exception <a 'java/lang/NoSuchFieldError': method resolution failed> (0x0000000795ce6dc0) thrown at [/Users/tester/jenkins/workspace/zulu8-build-macosx/zulu-src.git/hotspot/src/share/vm/prims/methodHandles.cpp, line 1176]
Event: 1.063 Thread 0x00007fac7980e000 Exception <a 'java/lang/NoSuchMethodError': java.lang.Object.$anonfun$partition$1(Lscala/Function1;Lscala/collection/mutable/Builder;Lscala/collection/mutable/Builder;Ljava/lang/Object;)Lscala/collection/mutable/Builder;> (0x0000000795cca0e8) thrown at [/
Event: 1.140 Thread 0x00007fac7980e000 Exception <a 'java/lang/NoSuchMethodError': java.lang.Object.$anonfun$engine$1()Ljava/lang/String;> (0x0000000796127b80) thrown at [/Users/tester/jenkins/workspace/zulu8-build-macosx/zulu-src.git/hotspot/src/share/vm/interpreter/linkResolver.cpp, line 620
Event: 1.147 Thread 0x00007fac7980e000 Exception <a 'java/lang/NoSuchMethodError': java.lang.Object.$anonfun$testImpl$1()Ljava/lang/String;> (0x000000079619d150) thrown at [/Users/tester/jenkins/workspace/zulu8-build-macosx/zulu-src.git/hotspot/src/share/vm/interpreter/linkResolver.cpp, line 6
Event: 1.239 Thread 0x00007fac7980e000 Exception <a 'java/lang/NoSuchMethodError': java.lang.Object.$anonfun$indexOf$1$adapted(Ljava/lang/Object;Ljava/lang/Object;)Ljava/lang/Object;> (0x000000079670bb50) thrown at [/Users/tester/jenkins/workspace/zulu8-build-macosx/zulu-src.git/hotspot/src/sh
Event: 1.293 Thread 0x00007fac7980e000 Exception <a 'java/lang/NoSuchMethodError': java.lang.Object.$anonfun$run$1(Lorg/scalatest/funsuite/AnyFunSuiteLike;Lscala/Option;Lorg/scalatest/Args;)Lorg/scalatest/Status;> (0x000000079696d240) thrown at [/Users/tester/jenkins/workspace/zulu8-build-maco
Event: 1.305 Thread 0x00007fac7980e000 Exception <a 'java/lang/NoSuchMethodError': java.lang.Object.$anonfun$runTests$1(Lorg/scalatest/funsuite/AnyFunSuiteLike;Ljava/lang/String;Lorg/scalatest/Args;)Lorg/scalatest/Status;> (0x0000000796a46648) thrown at [/Users/tester/jenkins/workspace/zulu8-b
Event: 1.312 Thread 0x00007fac7980e000 Exception <a 'java/lang/NoSuchMethodError': java.lang.Object.$anonfun$runTest$1(Lorg/scalatest/funsuite/AnyFunSuiteLike;Lorg/scalatest/Args;Ljava/lang/String;Lorg/scalatest/SuperEngine$TestLeaf;)Lorg/scalatest/Outcome;> (0x0000000796a7a050) thrown at [/Us

Events (10 events):
Event: 291.342 Executing VM operation: GetOrSetLocal done
Event: 291.342 Executing VM operation: GetOrSetLocal
Event: 291.342 Executing VM operation: GetOrSetLocal done
Event: 337.694 Executing VM operation: ChangeBreakpoints
Event: 337.694 Executing VM operation: ChangeBreakpoints done
Event: 422.702 Executing VM operation: RedefineClasses
Event: 422.709 Executing VM operation: RedefineClasses done
Event: 422.759 Executing VM operation: ChangeBreakpoints
Event: 422.759 Executing VM operation: ChangeBreakpoints done
Event: 423.207 Executing VM operation: GetOrSetLocal


Dynamic libraries:
0x00007ff81a68b000 	/System/Library/Frameworks/Cocoa.framework/Versions/A/Cocoa
0x00007ff806308000 	/System/Library/Frameworks/AppKit.framework/Versions/C/AppKit
0x00007ff809813000 	/System/Library/Frameworks/CoreData.framework/Versions/A/CoreData
0x00007ff804714000 	/System/Library/Frameworks/Foundation.framework/Versions/C/Foundation
0x00007ff80e634000 	/usr/lib/libSystem.B.dylib
0x00007ff807196000 	/System/Library/PrivateFrameworks/UIFoundation.framework/Versions/A/UIFoundation
0x00007ff814595000 	/System/Library/PrivateFrameworks/RemoteViewServices.framework/Versions/A/RemoteViewServices
0x00007ff80c87f000 	/System/Library/PrivateFrameworks/XCTTargetBootstrap.framework/Versions/A/XCTTargetBootstrap
0x00007ff81043b000 	/System/Library/PrivateFrameworks/InternationalSupport.framework/Versions/A/InternationalSupport
0x00007ff8104c5000 	/System/Library/PrivateFrameworks/UserActivity.framework/Versions/A/UserActivity
0x00007ff80f81b000 	/usr/lib/libspindump.dylib
0x00007ff807424000 	/System/Library/Frameworks/UniformTypeIdentifiers.framework/Versions/A/UniformTypeIdentifiers
0x00007ff80afa8000 	/usr/lib/libapp_launch_measurement.dylib
0x00007ff80a1e3000 	/System/Library/PrivateFrameworks/CoreAnalytics.framework/Versions/A/CoreAnalytics
0x00007ff80afab000 	/System/Library/PrivateFrameworks/CoreAutoLayout.framework/Versions/A/CoreAutoLayout
0x00007ff80c1d9000 	/System/Library/Frameworks/Metal.framework/Versions/A/Metal
0x00007ff80cf05000 	/usr/lib/liblangid.dylib
0x00007ff80c884000 	/System/Library/PrivateFrameworks/CoreSVG.framework/Versions/A/CoreSVG
0x00007ff80880b000 	/System/Library/PrivateFrameworks/SkyLight.framework/Versions/A/SkyLight
0x00007ff808ba9000 	/System/Library/Frameworks/CoreGraphics.framework/Versions/A/CoreGraphics
0x00007ff814c55000 	/System/Library/Frameworks/Accelerate.framework/Versions/A/Accelerate
0x00007ff80f29a000 	/System/Library/PrivateFrameworks/IconServices.framework/Versions/A/IconServices
0x00007ff80c1be000 	/System/Library/Frameworks/IOSurface.framework/Versions/A/IOSurface
0x00007ff80a211000 	/usr/lib/libDiagnosticMessagesClient.dylib
0x00007ff80e554000 	/usr/lib/libz.1.dylib
0x00007ff818338000 	/System/Library/Frameworks/ApplicationServices.framework/Versions/A/ApplicationServices
0x00007ff80c86b000 	/System/Library/PrivateFrameworks/DFRFoundation.framework/Versions/A/DFRFoundation
0x00007ff805bf0000 	/usr/lib/libicucore.A.dylib
0x00007ff811230000 	/System/Library/Frameworks/AudioToolbox.framework/Versions/A/AudioToolbox
0x00007ff810447000 	/System/Library/PrivateFrameworks/DataDetectorsCore.framework/Versions/A/DataDetectorsCore
0x00007ff90c3d4000 	/System/Library/PrivateFrameworks/TextInput.framework/Versions/A/TextInput
0x00007ff80878e000 	/usr/lib/libMobileGestalt.dylib
0x00007ff80c577000 	/System/Library/Frameworks/Carbon.framework/Versions/A/Frameworks/HIToolbox.framework/Versions/A/HIToolbox
0x00007ff80a9ae000 	/System/Library/Frameworks/QuartzCore.framework/Versions/A/QuartzCore
0x00007ff805897000 	/System/Library/Frameworks/Security.framework/Versions/A/Security
0x00007ff8145cd000 	/System/Library/Frameworks/Carbon.framework/Versions/A/Frameworks/SpeechRecognition.framework/Versions/A/SpeechRecognition
0x00007ff80ad08000 	/System/Library/PrivateFrameworks/CoreUI.framework/Versions/A/CoreUI
0x00007ff805163000 	/System/Library/Frameworks/CoreAudio.framework/Versions/A/CoreAudio
0x00007ff80a300000 	/System/Library/Frameworks/DiskArbitration.framework/Versions/A/DiskArbitration
0x00007ff80fc09000 	/System/Library/PrivateFrameworks/MultitouchSupport.framework/Versions/A/MultitouchSupport
0x00007ff80878d000 	/usr/lib/libenergytrace.dylib
0x00007ff8061f4000 	/System/Library/Frameworks/IOKit.framework/Versions/A/IOKit
0x00007ff8149bd000 	/System/Library/Frameworks/CoreServices.framework/Versions/A/CoreServices
0x00007ff80af42000 	/System/Library/PrivateFrameworks/PerformanceAnalysis.framework/Versions/A/PerformanceAnalysis
0x00007ffa1b8f8000 	/System/Library/Frameworks/OpenGL.framework/Versions/A/OpenGL
0x00007ff80db6e000 	/System/Library/PrivateFrameworks/MobileKeyBag.framework/Versions/A/MobileKeyBag
0x00007ff8036e4000 	/usr/lib/libobjc.A.dylib
0x00007ff809274000 	/System/Library/Frameworks/ColorSync.framework/Versions/A/ColorSync
0x00007ff8038a2000 	/System/Library/Frameworks/CoreFoundation.framework/Versions/A/CoreFoundation
0x00007ff80cafb000 	/System/Library/Frameworks/CoreImage.framework/Versions/A/CoreImage
0x00007ff804f7b000 	/System/Library/Frameworks/CoreText.framework/Versions/A/CoreText
0x00007ff80c8b4000 	/System/Library/Frameworks/ImageIO.framework/Versions/A/ImageIO
0x00007ff80e63a000 	/System/Library/PrivateFrameworks/SoftLinking.framework/Versions/A/SoftLinking
0x00007ff80aff3000 	/usr/lib/libxml2.2.dylib
0x00007ff8037ae000 	/usr/lib/libc++.1.dylib
0x00007ff80e8be000 	/usr/lib/libcompression.dylib
0x00007ff81036e000 	/System/Library/PrivateFrameworks/TextureIO.framework/Versions/A/TextureIO
0x00007ff80efac000 	/usr/lib/libate.dylib
0x00007ff80e62f000 	/usr/lib/system/libcache.dylib
0x00007ff80e5eb000 	/usr/lib/system/libcommonCrypto.dylib
0x00007ff80e614000 	/usr/lib/system/libcompiler_rt.dylib
0x00007ff80e60a000 	/usr/lib/system/libcopyfile.dylib
0x00007ff8035df000 	/usr/lib/system/libcorecrypto.dylib
0x00007ff80369d000 	/usr/lib/system/libdispatch.dylib
0x00007ff803861000 	/usr/lib/system/libdyld.dylib
0x00007ff80e626000 	/usr/lib/system/libkeymgr.dylib
0x00007ff80e5c9000 	/usr/lib/system/libmacho.dylib
0x00007ff80dc48000 	/usr/lib/system/libquarantine.dylib
0x00007ff80e624000 	/usr/lib/system/libremovefile.dylib
0x00007ff8087db000 	/usr/lib/system/libsystem_asl.dylib
0x00007ff803588000 	/usr/lib/system/libsystem_blocks.dylib
0x00007ff803725000 	/usr/lib/system/libsystem_c.dylib
0x00007ff80e61c000 	/usr/lib/system/libsystem_collections.dylib
0x00007ff80cef5000 	/usr/lib/system/libsystem_configuration.dylib
0x00007ff80c1a1000 	/usr/lib/system/libsystem_containermanager.dylib
0x00007ff80e302000 	/usr/lib/system/libsystem_coreservices.dylib
0x00007ff805e84000 	/usr/lib/system/libsystem_darwin.dylib
0x00007ff80e627000 	/usr/lib/system/libsystem_dnssd.dylib
0x00007ff803722000 	/usr/lib/system/libsystem_featureflags.dylib
0x00007ff803877000 	/usr/lib/system/libsystem_info.dylib
0x00007ff80e567000 	/usr/lib/system/libsystem_m.dylib
0x00007ff803671000 	/usr/lib/system/libsystem_malloc.dylib
0x00007ff808776000 	/usr/lib/system/libsystem_networkextension.dylib
0x00007ff8062aa000 	/usr/lib/system/libsystem_notify.dylib
0x00007ff814892000 	/usr/lib/system/libsystem_product_info_filter.dylib
0x00007ff80cef9000 	/usr/lib/system/libsystem_sandbox.dylib
0x00007ff80e621000 	/usr/lib/system/libsystem_secinit.dylib
0x00007ff80381d000 	/usr/lib/system/libsystem_kernel.dylib
0x00007ff80386d000 	/usr/lib/system/libsystem_platform.dylib
0x00007ff803855000 	/usr/lib/system/libsystem_pthread.dylib
0x00007ff80a023000 	/usr/lib/system/libsystem_symptoms.dylib
0x00007ff8035c6000 	/usr/lib/system/libsystem_trace.dylib
0x00007ff80e5f7000 	/usr/lib/system/libunwind.dylib
0x00007ff80358a000 	/usr/lib/system/libxpc.dylib
0x00007ff803807000 	/usr/lib/libc++abi.dylib
0x00007ff80e602000 	/usr/lib/liboah.dylib
0x00007ff80ed88000 	/usr/lib/liblzma.5.dylib
0x00007ff804427000 	/System/Library/Frameworks/SystemConfiguration.framework/Versions/A/SystemConfiguration
0x00007ff80e636000 	/usr/lib/libfakelink.dylib
0x00007ff8082e7000 	/System/Library/Frameworks/CFNetwork.framework/Versions/A/CFNetwork
0x00007ff80e777000 	/usr/lib/libarchive.2.dylib
0x00007ff80cf01000 	/System/Library/PrivateFrameworks/AppleSystemInfo.framework/Versions/A/AppleSystemInfo
0x00007ff80dc6f000 	/usr/lib/libbsm.0.dylib
0x00007ff8078fa000 	/usr/lib/libnetwork.dylib
0x00007ff80e5cf000 	/usr/lib/system/libkxld.dylib
0x00007ff80d89b000 	/System/Library/PrivateFrameworks/IOMobileFramebuffer.framework/Versions/A/IOMobileFramebuffer
0x00007ffb1adff000 	/usr/lib/libCoreEntitlements.dylib
0x00007ff80e2e4000 	/System/Library/PrivateFrameworks/AppleFSCompression.framework/Versions/A/AppleFSCompression
0x00007ff80dc57000 	/usr/lib/libcoretls.dylib
0x00007ff80eda2000 	/usr/lib/libcoretls_cfhelpers.dylib
0x00007ff80e8b9000 	/usr/lib/libpam.2.dylib
0x00007ff809c43000 	/usr/lib/libsqlite3.dylib
0x00007ff80ee11000 	/usr/lib/libxar.1.dylib
0x00007ff80e2f4000 	/usr/lib/libbz2.1.0.dylib
0x00007ff80e63b000 	/usr/lib/libpcap.A.dylib
0x00007ff80a01b000 	/usr/lib/libdns_services.dylib
0x00007ff80e889000 	/usr/lib/libapple_nghttp2.dylib
0x00007ff80e675000 	/usr/lib/libiconv.2.dylib
0x00007ff80e5c8000 	/usr/lib/libcharset.1.dylib
0x00007ff80af76000 	/System/Library/Frameworks/CoreServices.framework/Versions/A/Frameworks/FSEvents.framework/Versions/A/FSEvents
0x00007ff805e8e000 	/System/Library/Frameworks/CoreServices.framework/Versions/A/Frameworks/CarbonCore.framework/Versions/A/CarbonCore
0x00007ff80a264000 	/System/Library/Frameworks/CoreServices.framework/Versions/A/Frameworks/Metadata.framework/Versions/A/Metadata
0x00007ff80e307000 	/System/Library/Frameworks/CoreServices.framework/Versions/A/Frameworks/OSServices.framework/Versions/A/OSServices
0x00007ff80e7fe000 	/System/Library/Frameworks/CoreServices.framework/Versions/A/Frameworks/SearchKit.framework/Versions/A/SearchKit
0x00007ff809fae000 	/System/Library/Frameworks/CoreServices.framework/Versions/A/Frameworks/AE.framework/Versions/A/AE
0x00007ff803da4000 	/System/Library/Frameworks/CoreServices.framework/Versions/A/Frameworks/LaunchServices.framework/Versions/A/LaunchServices
0x00007ff80ed39000 	/System/Library/Frameworks/CoreServices.framework/Versions/A/Frameworks/DictionaryServices.framework/Versions/A/DictionaryServices
0x00007ff80af83000 	/System/Library/Frameworks/CoreServices.framework/Versions/A/Frameworks/SharedFileList.framework/Versions/A/SharedFileList
0x00007ff80dc4b000 	/usr/lib/libCheckFix.dylib
0x00007ff8087f2000 	/System/Library/PrivateFrameworks/TCC.framework/Versions/A/TCC
0x00007ff80cf07000 	/System/Library/PrivateFrameworks/CoreNLP.framework/Versions/A/CoreNLP
0x00007ff80a214000 	/System/Library/PrivateFrameworks/MetadataUtilities.framework/Versions/A/MetadataUtilities
0x00007ff8044d7000 	/usr/lib/libmecabra.dylib
0x00007ff80dc7f000 	/usr/lib/libmecab.dylib
0x00007ff8044a2000 	/usr/lib/libCRFSuite.dylib
0x00007ff80dcd9000 	/usr/lib/libgermantok.dylib
0x00007ff80e864000 	/usr/lib/libThaiTokenizer.dylib
0x00007ff80a307000 	/System/Library/Frameworks/Accelerate.framework/Versions/A/Frameworks/vImage.framework/Versions/A/vImage
0x00007ff814994000 	/System/Library/Frameworks/Accelerate.framework/Versions/A/Frameworks/vecLib.framework/Versions/A/vecLib
0x00007ff80ee52000 	/System/Library/Frameworks/Accelerate.framework/Versions/A/Frameworks/vecLib.framework/Versions/A/libvMisc.dylib
0x00007ff80d6c6000 	/System/Library/Frameworks/Accelerate.framework/Versions/A/Frameworks/vecLib.framework/Versions/A/libvDSP.dylib
0x00007ff80411e000 	/System/Library/Frameworks/Accelerate.framework/Versions/A/Frameworks/vecLib.framework/Versions/A/libBLAS.dylib
0x00007ff80e99b000 	/System/Library/Frameworks/Accelerate.framework/Versions/A/Frameworks/vecLib.framework/Versions/A/libLAPACK.dylib
0x00007ff80dcdc000 	/System/Library/Frameworks/Accelerate.framework/Versions/A/Frameworks/vecLib.framework/Versions/A/libLinearAlgebra.dylib
0x00007ff80e8a1000 	/System/Library/Frameworks/Accelerate.framework/Versions/A/Frameworks/vecLib.framework/Versions/A/libSparseBLAS.dylib
0x00007ff80e995000 	/System/Library/Frameworks/Accelerate.framework/Versions/A/Frameworks/vecLib.framework/Versions/A/libQuadrature.dylib
0x00007ff80cff2000 	/System/Library/Frameworks/Accelerate.framework/Versions/A/Frameworks/vecLib.framework/Versions/A/libBNNS.dylib
0x00007ff8043b8000 	/System/Library/Frameworks/Accelerate.framework/Versions/A/Frameworks/vecLib.framework/Versions/A/libSparse.dylib
0x00007ff80cfeb000 	/System/Library/PrivateFrameworks/LinguisticData.framework/Versions/A/LinguisticData
0x00007ff80436e000 	/System/Library/PrivateFrameworks/Lexicon.framework/Versions/A/Lexicon
0x00007ff80ee4b000 	/usr/lib/libChineseTokenizer.dylib
0x00007ff804ad0000 	/System/Library/PrivateFrameworks/LanguageModeling.framework/Versions/A/LanguageModeling
0x00007ff80e866000 	/System/Library/PrivateFrameworks/AppleSauce.framework/Versions/A/AppleSauce
0x00007ff80d889000 	/System/Library/PrivateFrameworks/CoreEmoji.framework/Versions/A/CoreEmoji
0x00007ff80e766000 	/usr/lib/libcmph.dylib
0x00007ff80af5a000 	/System/Library/Frameworks/OpenDirectory.framework/Versions/A/Frameworks/CFOpenDirectory.framework/Versions/A/CFOpenDirectory
0x00007ff80af4e000 	/System/Library/Frameworks/OpenDirectory.framework/Versions/A/OpenDirectory
0x00007ff80eda4000 	/System/Library/PrivateFrameworks/APFS.framework/Versions/A/APFS
0x00007ff80dba6000 	/System/Library/Frameworks/SecurityFoundation.framework/Versions/A/SecurityFoundation
0x00007ff80ee1f000 	/usr/lib/libutil.dylib
0x00007ff8061b8000 	/System/Library/PrivateFrameworks/CoreServicesStore.framework/Versions/A/CoreServicesStore
0x00007ff80ee23000 	/usr/lib/libxslt.1.dylib
0x00007ff80dc33000 	/System/Library/PrivateFrameworks/BackgroundTaskManagement.framework/Versions/A/BackgroundTaskManagement
0x00007ff81028e000 	/System/Library/Frameworks/ImageIO.framework/Versions/A/Resources/libRadiance.dylib
0x00007ff810297000 	/System/Library/Frameworks/ImageIO.framework/Versions/A/Resources/libJPEG.dylib
0x00007ff8101e8000 	/System/Library/Frameworks/ImageIO.framework/Versions/A/Resources/libPng.dylib
0x00007ff810209000 	/System/Library/Frameworks/ImageIO.framework/Versions/A/Resources/libTIFF.dylib
0x00007ff8102f7000 	/System/Library/Frameworks/ImageIO.framework/Versions/A/Resources/libGIF.dylib
0x00007ff80fb23000 	/System/Library/Frameworks/ImageIO.framework/Versions/A/Resources/libJP2.dylib
0x00007ff80f261000 	/usr/lib/libexpat.1.dylib
0x00007ff80fad8000 	/System/Library/PrivateFrameworks/AppleJPEG.framework/Versions/A/AppleJPEG
0x00007ff80c43b000 	/System/Library/PrivateFrameworks/FontServices.framework/libFontParser.dylib
0x00007ff809f58000 	/System/Library/PrivateFrameworks/RunningBoardServices.framework/Versions/A/RunningBoardServices
0x00007ff81ac43000 	/System/Library/PrivateFrameworks/IOSurfaceAccelerator.framework/Versions/A/IOSurfaceAccelerator
0x00007ff80fc05000 	/System/Library/PrivateFrameworks/WatchdogClient.framework/Versions/A/WatchdogClient
0x00007ff804bbe000 	/System/Library/Frameworks/CoreDisplay.framework/Versions/A/CoreDisplay
0x00007ff80c339000 	/System/Library/Frameworks/CoreMedia.framework/Versions/A/CoreMedia
0x00007ff80c1d0000 	/System/Library/PrivateFrameworks/IOAccelerator.framework/Versions/A/IOAccelerator
0x00007ff80b0d7000 	/System/Library/Frameworks/CoreVideo.framework/Versions/A/CoreVideo
0x00007ff80e8b7000 	/System/Library/Frameworks/MetalPerformanceShaders.framework/Versions/A/MetalPerformanceShaders
0x00007ff80fc42000 	/System/Library/Frameworks/VideoToolbox.framework/Versions/A/VideoToolbox
0x00007ff809ea2000 	/System/Library/PrivateFrameworks/BaseBoard.framework/Versions/A/BaseBoard
0x00007ff809c29000 	/System/Library/PrivateFrameworks/ProtocolBuffer.framework/Versions/A/ProtocolBuffer
0x00007ff810287000 	/System/Library/PrivateFrameworks/GPUWrangler.framework/Versions/A/GPUWrangler
0x00007ff81026b000 	/System/Library/PrivateFrameworks/IOPresentment.framework/Versions/A/IOPresentment
0x00007ff810291000 	/System/Library/PrivateFrameworks/DSExternalDisplay.framework/Versions/A/DSExternalDisplay
0x00007ffa1b8ec000 	/System/Library/Frameworks/OpenGL.framework/Versions/A/Libraries/libCoreFSCache.dylib
0x00007ffb085a8000 	/System/Library/PrivateFrameworks/GPUCompiler.framework/Versions/31001/Libraries/libGPUCompilerUtils.dylib
0x00007ff8102fc000 	/System/Library/PrivateFrameworks/CMCaptureCore.framework/Versions/A/CMCaptureCore
0x00007ff80f809000 	/System/Library/PrivateFrameworks/AppServerSupport.framework/Versions/A/AppServerSupport
0x00007ff811ac8000 	/System/Library/PrivateFrameworks/perfdata.framework/Versions/A/perfdata
0x00007ff804cea000 	/System/Library/PrivateFrameworks/AudioToolboxCore.framework/Versions/A/AudioToolboxCore
0x00007ff80c317000 	/System/Library/PrivateFrameworks/caulk.framework/Versions/A/caulk
0x00007ff8113da000 	/usr/lib/libAudioStatistics.dylib
0x00007ff908b82000 	/System/Library/PrivateFrameworks/SystemPolicy.framework/Versions/A/SystemPolicy
0x00007ff811635000 	/usr/lib/libSMC.dylib
0x00007ff81a53e000 	/System/Library/Frameworks/CoreMIDI.framework/Versions/A/CoreMIDI
0x00007ff8101b7000 	/usr/lib/libAudioToolboxUtility.dylib
0x00007ff904e25000 	/System/Library/PrivateFrameworks/OSAServicesClient.framework/Versions/A/OSAServicesClient
0x00007ff811ad5000 	/usr/lib/libperfcheck.dylib
0x00007ff90962c000 	/usr/lib/libmis.dylib
0x00007ffa1b947000 	/System/Library/Frameworks/OpenGL.framework/Versions/A/Libraries/libGLU.dylib
0x00007ffa1b90b000 	/System/Library/Frameworks/OpenGL.framework/Versions/A/Libraries/libGFXShared.dylib
0x00007ffa1bb14000 	/System/Library/Frameworks/OpenGL.framework/Versions/A/Libraries/libGL.dylib
0x00007ffa1b914000 	/System/Library/Frameworks/OpenGL.framework/Versions/A/Libraries/libGLImage.dylib
0x00007ffa1b908000 	/System/Library/Frameworks/OpenGL.framework/Versions/A/Libraries/libCVMSPluginSupport.dylib
0x00007ffa1b8f3000 	/System/Library/Frameworks/OpenGL.framework/Versions/A/Libraries/libCoreVMClient.dylib
0x00007ff80ce83000 	/System/Library/Frameworks/MetalPerformanceShaders.framework/Versions/A/Frameworks/MPSCore.framework/Versions/A/MPSCore
0x00007ff80e24f000 	/System/Library/Frameworks/MetalPerformanceShaders.framework/Versions/A/Frameworks/MPSImage.framework/Versions/A/MPSImage
0x00007ff80dcf2000 	/System/Library/Frameworks/MetalPerformanceShaders.framework/Versions/A/Frameworks/MPSNeuralNetwork.framework/Versions/A/MPSNeuralNetwork
0x00007ff80e166000 	/System/Library/Frameworks/MetalPerformanceShaders.framework/Versions/A/Frameworks/MPSMatrix.framework/Versions/A/MPSMatrix
0x00007ff80df21000 	/System/Library/Frameworks/MetalPerformanceShaders.framework/Versions/A/Frameworks/MPSRayIntersector.framework/Versions/A/MPSRayIntersector
0x00007ff80e19e000 	/System/Library/Frameworks/MetalPerformanceShaders.framework/Versions/A/Frameworks/MPSNDArray.framework/Versions/A/MPSNDArray
0x00007ffa20874000 	/System/Library/Frameworks/MetalPerformanceShaders.framework/Versions/A/Frameworks/MPSFunctions.framework/Versions/A/MPSFunctions
0x00007ff803ffb000 	/System/Library/PrivateFrameworks/MetalTools.framework/Versions/A/MetalTools
0x00007ff80ceff000 	/System/Library/PrivateFrameworks/AggregateDictionary.framework/Versions/A/AggregateDictionary
0x00007ff80f043000 	/usr/lib/libIOReport.dylib
0x00007ffa1cf23000 	/System/Library/Frameworks/OpenCL.framework/Versions/A/OpenCL
0x00007ff80f3a7000 	/System/Library/PrivateFrameworks/FaceCore.framework/Versions/A/FaceCore
0x00007ff80f398000 	/System/Library/PrivateFrameworks/GraphVisualizer.framework/Versions/A/GraphVisualizer
0x00007ffb084b3000 	/System/Library/PrivateFrameworks/FontServices.framework/Versions/A/FontServices
0x00007ff80f7c1000 	/System/Library/PrivateFrameworks/OTSVG.framework/Versions/A/OTSVG
0x00007ff80acbe000 	/System/Library/Frameworks/ApplicationServices.framework/Versions/A/Frameworks/ATS.framework/Versions/A/Resources/libFontRegistry.dylib
0x00007ff80f811000 	/System/Library/PrivateFrameworks/FontServices.framework/libhvf.dylib
0x00007ffb084b4000 	/System/Library/PrivateFrameworks/FontServices.framework/libXTFontStaticRegistryData.dylib
0x00007ff80f211000 	/System/Library/PrivateFrameworks/AppleVA.framework/Versions/A/AppleVA
0x00007ff8113fa000 	/System/Library/Frameworks/ApplicationServices.framework/Versions/A/Frameworks/ATS.framework/Versions/A/ATS
0x00007ff809370000 	/System/Library/Frameworks/ApplicationServices.framework/Versions/A/Frameworks/HIServices.framework/Versions/A/HIServices
0x00007ff810306000 	/System/Library/Frameworks/ApplicationServices.framework/Versions/A/Frameworks/PrintCore.framework/Versions/A/PrintCore
0x00007ff811788000 	/System/Library/Frameworks/ApplicationServices.framework/Versions/A/Frameworks/QD.framework/Versions/A/QD
0x00007ff811780000 	/System/Library/Frameworks/ApplicationServices.framework/Versions/A/Frameworks/ColorSyncLegacy.framework/Versions/A/ColorSyncLegacy
0x00007ff8113ea000 	/System/Library/Frameworks/ApplicationServices.framework/Versions/A/Frameworks/SpeechSynthesis.framework/Versions/A/SpeechSynthesis
0x00007ff8102c7000 	/System/Library/Frameworks/ApplicationServices.framework/Versions/A/Frameworks/ATSUI.framework/Versions/A/ATSUI
0x00007ff811715000 	/usr/lib/libcups.2.dylib
0x00007ff811ae4000 	/System/Library/Frameworks/Kerberos.framework/Versions/A/Kerberos
0x00007ff811af3000 	/System/Library/Frameworks/GSS.framework/Versions/A/GSS
0x00007ff811466000 	/usr/lib/libresolv.9.dylib
0x00007ff80f820000 	/System/Library/PrivateFrameworks/Heimdal.framework/Versions/A/Heimdal
0x00007ff8186c0000 	/System/Library/Frameworks/Kerberos.framework/Versions/A/Libraries/libHeimdalProxy.dylib
0x00007ff80a02b000 	/System/Library/Frameworks/Network.framework/Versions/A/Network
0x00007ff80f27b000 	/usr/lib/libheimdal-asn1.dylib
0x00007ff811b3e000 	/System/Library/PrivateFrameworks/CommonAuth.framework/Versions/A/CommonAuth
0x00007ff81136c000 	/System/Library/PrivateFrameworks/AudioSession.framework/Versions/A/AudioSession
0x00007ff80f30b000 	/System/Library/PrivateFrameworks/MediaExperience.framework/Versions/A/MediaExperience
0x00007ff8111ff000 	/System/Library/PrivateFrameworks/AudioSession.framework/libSessionUtility.dylib
0x00007ff811794000 	/System/Library/PrivateFrameworks/AudioResourceArbitration.framework/Versions/A/AudioResourceArbitration
0x00007ff815807000 	/System/Library/PrivateFrameworks/PowerLog.framework/Versions/A/PowerLog
0x00007ff80f284000 	/System/Library/PrivateFrameworks/IconFoundation.framework/Versions/A/IconFoundation
0x00007ff8145bd000 	/System/Library/PrivateFrameworks/SpeechRecognitionCore.framework/Versions/A/SpeechRecognitionCore
0x0000000105809000 	/Users/astrozeneka/Library/Java/JavaVirtualMachines/azul-1.8.0_332/Contents/Home/jre/lib/server/libjvm.dylib
0x0000000104a14000 	/Users/astrozeneka/Library/Java/JavaVirtualMachines/azul-1.8.0_332/Contents/Home/jre/lib/libverify.dylib
0x0000000104a68000 	/Users/astrozeneka/Library/Java/JavaVirtualMachines/azul-1.8.0_332/Contents/Home/jre/lib/libjava.dylib
0x0000000104af4000 	/Users/astrozeneka/Library/Java/JavaVirtualMachines/azul-1.8.0_332/Contents/Home/jre/lib/libjdwp.dylib
0x0000000104a25000 	/Users/astrozeneka/Library/Java/JavaVirtualMachines/azul-1.8.0_332/Contents/Home/jre/lib/libnpt.dylib
0x0000000104aab000 	/Users/astrozeneka/Library/Java/JavaVirtualMachines/azul-1.8.0_332/Contents/Home/jre/lib/libinstrument.dylib
0x0000000104a3d000 	/Users/astrozeneka/Library/Java/JavaVirtualMachines/azul-1.8.0_332/Contents/Home/jre/lib/libzip.dylib
0x0000000104a5c000 	/Users/astrozeneka/Library/Java/JavaVirtualMachines/azul-1.8.0_332/Contents/Home/jre/lib/libdt_socket.dylib
0x000000010cf47000 	/Users/astrozeneka/Library/Java/JavaVirtualMachines/azul-1.8.0_332/Contents/Home/jre/lib/libnio.dylib
0x000000010cf5f000 	/Users/astrozeneka/Library/Java/JavaVirtualMachines/azul-1.8.0_332/Contents/Home/jre/lib/libnet.dylib

VM Arguments:
jvm_args: -agentlib:jdwp=transport=dt_socket,address=127.0.0.1:49710,suspend=y,server=n -javaagent:/Users/astrozeneka/Library/Caches/JetBrains/IntelliJIdea2021.3/captureAgent/debugger-agent.jar -Dfile.encoding=UTF-8 
java_command: org.jetbrains.plugins.scala.testingSupport.scalaTest.ScalaTestRunner -s TestTreeNode -testName TreeNode.Parenthesis3 -showProgressMessages true
java_class_path (initial): /Users/astrozeneka/Library/Application Support/JetBrains/IntelliJIdea2021.3/plugins/Scala/lib/runners.jar:/Users/astrozeneka/Library/Java/JavaVirtualMachines/azul-1.8.0_332/Contents/Home/jre/lib/cat.jar:/Users/astrozeneka/Library/Java/JavaVirtualMachines/azul-1.8.0_332/Contents/Home/jre/lib/charsets.jar:/Users/astrozeneka/Library/Java/JavaVirtualMachines/azul-1.8.0_332/Contents/Home/jre/lib/ext/cldrdata.jar:/Users/astrozeneka/Library/Java/JavaVirtualMachines/azul-1.8.0_332/Contents/Home/jre/lib/ext/crs-agent.jar:/Users/astrozeneka/Library/Java/JavaVirtualMachines/azul-1.8.0_332/Contents/Home/jre/lib/ext/dnsns.jar:/Users/astrozeneka/Library/Java/JavaVirtualMachines/azul-1.8.0_332/Contents/Home/jre/lib/ext/jaccess.jar:/Users/astrozeneka/Library/Java/JavaVirtualMachines/azul-1.8.0_332/Contents/Home/jre/lib/ext/legacy8ujsse.jar:/Users/astrozeneka/Library/Java/JavaVirtualMachines/azul-1.8.0_332/Contents/Home/jre/lib/ext/localedata.jar:/Users/astrozeneka/Library/Java/JavaVirtualMachines/azul-1.8.0_332/Contents/Home/jre/lib/ext/nashorn.jar:/Users/astrozeneka/Library/Java/JavaVirtualMachines/azul-1.8.0_332/Contents/Home/jre/lib/ext/openjsse.jar:/Users/astrozeneka/Library/Java/JavaVirtualMachines/azul-1.8.0_332/Contents/Home/jre/lib/ext/sunec.jar:/Users/astrozeneka/Library/Java/JavaVirtualMachines/azul-1.8.0_332/Contents/Home/jre/lib/ext/sunjce_provider.jar:/Users/astrozeneka/Library/Java/JavaVirtualMachines/azul-1.8.0_332/Contents/Home/jre/lib/ext/sunpkcs11.jar:/Users/astrozeneka/Library/Java/JavaVirtualMachines/azul-1.8.0_332/Contents/Home/jre/lib/ext/zipfs.jar:/Users/astrozeneka/Library/Java/JavaVirtualMachines/azul-1.8.0_332/Contents/Home/jre/lib/jce.jar:/Users/astrozeneka/Library/Java/JavaVirtualMachines/azul-1.8.0_332/Contents/Home/jre/lib/jfr.jar:/Users/astrozeneka/Library/Java/JavaVirtualMachines/azul-1.8.0_332/Contents/Home/jre/lib/jsse.jar:/Users/astrozeneka/Library/Java/JavaVirtualMachines/azul-1.8.0_332/Contents/Home/jre/lib/managemen
Launcher Type: SUN_STANDARD

Environment Variables:
PATH=/usr/local/opt/ruby/bin:/Users/astrozeneka/opt/anaconda3/bin:/Users/astrozeneka/opt/anaconda3/condabin:/Library/Frameworks/Python.framework/Versions/3.10/bin:/usr/local/bin:/usr/bin:/bin:/usr/sbin:/sbin:/Library/Apple/usr/bin
SHELL=/bin/zsh

Signal Handlers:
SIGSEGV: [libjvm.dylib+0x5b618b], sa_mask[0]=11111111011111110111111111111111, sa_flags=SA_ONSTACK|SA_RESTART|SA_SIGINFO
SIGBUS: [libjvm.dylib+0x5b618b], sa_mask[0]=11111111011111110111111111111111, sa_flags=SA_RESTART|SA_SIGINFO
SIGFPE: [libjvm.dylib+0x4a3db9], sa_mask[0]=11111111011111110111111111111111, sa_flags=SA_RESTART|SA_SIGINFO
SIGPIPE: [libjvm.dylib+0x4a3db9], sa_mask[0]=11111111011111110111111111111111, sa_flags=SA_RESTART|SA_SIGINFO
SIGXFSZ: [libjvm.dylib+0x4a3db9], sa_mask[0]=11111111011111110111111111111111, sa_flags=SA_RESTART|SA_SIGINFO
SIGILL: [libjvm.dylib+0x4a3db9], sa_mask[0]=11111111011111110111111111111111, sa_flags=SA_RESTART|SA_SIGINFO
SIGUSR1: SIG_DFL, sa_mask[0]=00000000000000000000000000000000, sa_flags=none
SIGUSR2: [libjvm.dylib+0x4a46a8], sa_mask[0]=00100000000000000000000000000000, sa_flags=SA_RESTART|SA_SIGINFO
SIGHUP: [libjvm.dylib+0x4a27eb], sa_mask[0]=11111111011111110111111111111111, sa_flags=SA_RESTART|SA_SIGINFO
SIGINT: [libjvm.dylib+0x4a27eb], sa_mask[0]=11111111011111110111111111111111, sa_flags=SA_RESTART|SA_SIGINFO
SIGTERM: [libjvm.dylib+0x4a27eb], sa_mask[0]=11111111011111110111111111111111, sa_flags=SA_RESTART|SA_SIGINFO
SIGQUIT: [libjvm.dylib+0x4a27eb], sa_mask[0]=11111111011111110111111111111111, sa_flags=SA_RESTART|SA_SIGINFO


---------------  S Y S T E M  ---------------

OS:Bsduname:Darwin 21.4.0 Darwin Kernel Version 21.4.0: Fri Mar 18 00:45:05 PDT 2022; root:xnu-8020.101.4~15/RELEASE_X86_64 x86_64
rlimit: STACK 8192k, CORE 0k, NPROC 1392, NOFILE 10240, AS infinity
load average:2.83 3.08 3.17

CPU:total 4 (initial active 4) (2 cores per cpu, 2 threads per core) family 6 model 142 stepping 9, cmov, cx8, fxsr, mmx, sse, sse2, sse3, ssse3, sse4.1, sse4.2, popcnt, avx, avx2, aes, clmul, erms, 3dnowpref, lzcnt, ht, tsc, tscinvbit, bmi1, bmi2, adx

Memory: 4k page, physical 8388608k(125724k free)

/proc/meminfo:


vm_info: OpenJDK 64-Bit Server VM (25.332-b09) for bsd-amd64 JRE (Zulu 8.62.0.19-CA-macosx) (1.8.0_332-b09), built on Apr 18 2022 09:05:58 by "zulu_re" with gcc 4.2.1 Compatible Apple LLVM 11.0.0 (clang-1100.0.33.17)

time: Wed Jun 22 07:17:38 2022
timezone: EAT
elapsed time: 423.246437 seconds (0d 0h 7m 3s)

